<?xml version="1.0" encoding="UTF-8"?>
<!-- Generated by org.testng.reporters.JUnitXMLReporter -->
<testsuite ignored="2" hostname="DESKTOP-1U92PBD" failures="0" tests="1" name="Default test" time="0.062" errors="0" timestamp="2022-12-07T16:14:11 CST">
  <testcase classname="TwoArray.FiltetArray" name="testing3" time="0.014"/>
  <testcase classname="TwoArray.FiltetArray" name="testing2" time="0.0">
    <ignored/>
  </testcase> <!-- testing2 -->
  <testcase classname="TwoArray.FiltetArray" name="testing1" time="0.0">
    <ignored/>
  </testcase> <!-- testing1 -->
</testsuite> <!-- Default test -->
