<?xml version="1.0" encoding="UTF-8"?>
<testng-results ignored="2" total="3" passed="1" failed="0" skipped="0">
  <reporter-output>
  </reporter-output>
  <suite started-at="2022-12-07T16:14:10 CST" name="Default suite" finished-at="2022-12-07T16:14:11 CST" duration-ms="62">
    <groups>
    </groups>
    <test started-at="2022-12-07T16:14:10 CST" name="Default test" finished-at="2022-12-07T16:14:11 CST" duration-ms="62">
      <class name="TwoArray.FiltetArray">
        <test-method signature="testing3()[pri:0, instance:TwoArray.FiltetArray@1a482e36]" started-at="2022-12-07T16:14:11 CST" name="testing3" finished-at="2022-12-07T16:14:11 CST" duration-ms="14" status="PASS">
          <reporter-output>
          </reporter-output>
        </test-method> <!-- testing3 -->
      </class> <!-- TwoArray.FiltetArray -->
    </test> <!-- Default test -->
  </suite> <!-- Default suite -->
</testng-results>
