<?xml version="1.0" encoding="UTF-8"?>
<testng-results ignored="0" total="2" passed="2" failed="0" skipped="0">
  <reporter-output>
  </reporter-output>
  <suite started-at="2022-12-14T15:51:21 CST" name="Default suite" finished-at="2022-12-14T15:51:21 CST" duration-ms="56">
    <groups>
    </groups>
    <test started-at="2022-12-14T15:51:21 CST" name="Default test" finished-at="2022-12-14T15:51:21 CST" duration-ms="56">
      <class name="TwoArray.FilterNine">
        <test-method signature="testrun1()[pri:0, instance:TwoArray.FilterNine@4efbca5a]" started-at="2022-12-14T15:51:21 CST" name="testrun1" finished-at="2022-12-14T15:51:21 CST" duration-ms="10" status="PASS">
          <reporter-output>
          </reporter-output>
        </test-method> <!-- testrun1 -->
        <test-method signature="testrun2()[pri:0, instance:TwoArray.FilterNine@4efbca5a]" started-at="2022-12-14T15:51:21 CST" name="testrun2" finished-at="2022-12-14T15:51:21 CST" duration-ms="1" status="PASS">
          <reporter-output>
          </reporter-output>
        </test-method> <!-- testrun2 -->
      </class> <!-- TwoArray.FilterNine -->
    </test> <!-- Default test -->
  </suite> <!-- Default suite -->
</testng-results>
